Microsoft (R) Macro Assembler Version 6.11		    11/10/19 00:48:28
tempfile.asm						     Page 1 - 1


 0000				DATAS SEGMENT
				    org 0100h
 0100 0A FB 1E C4 00 12		    datae db 10,-5,30,-60,0,18,-7,3,12,-8  
       F9 03 0C F8
 010A				DATAS ENDS

 0000				STACKS SEGMENT stack
 0000  0014 [			    dw 20 dup(?)
        0000
       ]
 0028				STACKS ENDS

 0000				CODES SEGMENT'code'
				    ASSUME CS:CODES,DS:DATAS,SS:STACKS
 0000				START:
 0000  B8 ---- R		    MOV AX,DATAS
 0003  8E D8			    MOV DS,AX
 0005  BE 0100 R		    mov si,offset datae
 0008  BF 0200			    mov di,0200h
 000B  B9 000A			    mov cx,10
 000E				L1:
 000E  8A 04			    mov al,[si]
 0010  46			    inc si
 0011  A8 80			    test al,80h
 0013  74 03			    jz L2
 0015  88 05			    mov [di],al
 0017  47			    inc di
 0018				L2:
 0018  E2 F4			    loop L1
 001A  B4 4C			    MOV AH,4CH
 001C  CD 21			    INT 21H
 001E				CODES ENDS
				    END START
Microsoft (R) Macro Assembler Version 6.11		    11/10/19 00:48:28
tempfile.asm						     Symbols 2 - 1




Segments and Groups:

                N a m e                 Size     Length   Align   Combine Class

CODES  . . . . . . . . . . . . .	16 Bit	 001E	  Para	  Private 'CODE'	
DATAS  . . . . . . . . . . . . .	16 Bit	 010A	  Para	  Private 
STACKS . . . . . . . . . . . . .	16 Bit	 0028	  Para	  Stack	  


Symbols:

                N a m e                 Type     Value    Attr

L1 . . . . . . . . . . . . . . .	L Near	 000E	  CODES	
L2 . . . . . . . . . . . . . . .	L Near	 0018	  CODES	
START  . . . . . . . . . . . . .	L Near	 0000	  CODES	
datae  . . . . . . . . . . . . .	Byte	 0100	  DATAS	

	   0 Warnings
	   0 Errors
