Microsoft (R) Macro Assembler Version 6.11		    11/09/19 14:52:07
tempfile.asm						     Page 1 - 1


 0000				DATAS SEGMENT
 0000 0000 0001 FFFB 000A	       buffer dw  0, 1, -5, 10, 256, -128, -100, 45, 6
       0100 FF80 FF9C
       002D 0006
 0012  0003 FFF1 FFBD		              dw  3, -15, -67, 39, 4, 20, -1668,-32766
       0027 0004 0014
       F97C 8002
 0022  7FFD FDF3 012C		              dw  32765, -525, 300
 0028 0014			       count  dw  20  
 002A 0000			       max    dw  ?
 002C				DATAS ENDS

 0000				STACKS SEGMENT stack 'stack'
 0000  0100 [			    stap db 256 dup(?)
        00
       ]
 0100				STACKS ENDS

 0000				CODES SEGMENT
				    ASSUME CS:CODES,DS:DATAS,SS:STACKS
 0000				START:
 0000  B8 ---- R		    MOV AX,DATAS
 0003  8E D8			    MOV DS,AX
				    ;此处输入代码段代码
 0005  B4 4C			    MOV AH,4CH
 0007  CD 21			    INT 21H
 0009				CODES ENDS
				    END START


Microsoft (R) Macro Assembler Version 6.11		    11/09/19 14:52:07
tempfile.asm						     Symbols 2 - 1




Segments and Groups:

                N a m e                 Size     Length   Align   Combine Class

CODES  . . . . . . . . . . . . .	16 Bit	 0009	  Para	  Private 
DATAS  . . . . . . . . . . . . .	16 Bit	 002C	  Para	  Private 
STACKS . . . . . . . . . . . . .	16 Bit	 0100	  Para	  Stack	  'STACK'	 


Symbols:

                N a m e                 Type     Value    Attr

START  . . . . . . . . . . . . .	L Near	 0000	  CODES	
buffer . . . . . . . . . . . . .	Word	 0000	  DATAS	
count  . . . . . . . . . . . . .	Word	 0028	  DATAS	
max  . . . . . . . . . . . . . .	Word	 002A	  DATAS	
stap . . . . . . . . . . . . . .	Byte	 0000	  STACKS	

	   0 Warnings
	   0 Errors
